INFO:kafka.conn:<BrokerConnection node_id=bootstrap-0 host=localhost:9092 <connecting> [IPv6 ('::1', 9092, 0, 0)]>: connecting to localhost:9092 [('::1', 9092, 0, 0) IPv6]
INFO:kafka.conn:Probing node bootstrap-0 broker version
INFO:kafka.conn:<BrokerConnection node_id=bootstrap-0 host=localhost:9092 <connecting> [IPv6 ('::1', 9092, 0, 0)]>: Connection complete.
INFO:kafka.conn:Broker version identified as 2.5.0
INFO:kafka.conn:Set configuration api_version=(2, 5, 0) to skip auto check_version requests on startup
INFO:kafka.consumer.subscription_state:Updating subscribed topics to: ('measurements',)
INFO:root:Starting ingestion
INFO:kafka.cluster:Group coordinator for ingestor is BrokerMetadata(nodeId='coordinator-0', host='localhost', port=9092, rack=None)
INFO:kafka.coordinator:Discovered coordinator coordinator-0 for group ingestor
INFO:kafka.coordinator:Starting new heartbeat thread
INFO:kafka.coordinator.consumer:Revoking previously assigned partitions set() for group ingestor
INFO:kafka.conn:<BrokerConnection node_id=coordinator-0 host=localhost:9092 <connecting> [IPv6 ('::1', 9092, 0, 0)]>: connecting to localhost:9092 [('::1', 9092, 0, 0) IPv6]
INFO:kafka.conn:<BrokerConnection node_id=coordinator-0 host=localhost:9092 <connecting> [IPv6 ('::1', 9092, 0, 0)]>: Connection complete.
INFO:kafka.conn:<BrokerConnection node_id=bootstrap-0 host=localhost:9092 <connected> [IPv6 ('::1', 9092, 0, 0)]>: Closing connection. 
INFO:kafka.coordinator:(Re-)joining group ingestor
INFO:kafka.conn:<BrokerConnection node_id=bootstrap-0 host=localhost:9092 <connecting> [IPv6 ('::1', 9092, 0, 0)]>: connecting to localhost:9092 [('::1', 9092, 0, 0) IPv6]
INFO:kafka.conn:<BrokerConnection node_id=bootstrap-0 host=localhost:9092 <connecting> [IPv6 ('::1', 9092, 0, 0)]>: Connection complete.
INFO:kafka.coordinator:Elected group leader -- performing partition assignments using range
INFO:kafka.conn:<BrokerConnection node_id=0 host=localhost:9092 <connecting> [IPv6 ('::1', 9092, 0, 0)]>: connecting to localhost:9092 [('::1', 9092, 0, 0) IPv6]
INFO:kafka.conn:<BrokerConnection node_id=0 host=localhost:9092 <connecting> [IPv6 ('::1', 9092, 0, 0)]>: Connection complete.
INFO:kafka.conn:<BrokerConnection node_id=bootstrap-0 host=localhost:9092 <connected> [IPv6 ('::1', 9092, 0, 0)]>: Closing connection. 
INFO:kafka.coordinator:Successfully joined group ingestor with generation 148
INFO:kafka.consumer.subscription_state:Updated partition assignment: [TopicPartition(topic='measurements', partition=0), TopicPartition(topic='measurements', partition=1), TopicPartition(topic='measurements', partition=2), TopicPartition(topic='measurements', partition=3), TopicPartition(topic='measurements', partition=4), TopicPartition(topic='measurements', partition=5), TopicPartition(topic='measurements', partition=6), TopicPartition(topic='measurements', partition=7), TopicPartition(topic='measurements', partition=8), TopicPartition(topic='measurements', partition=9), TopicPartition(topic='measurements', partition=10), TopicPartition(topic='measurements', partition=11), TopicPartition(topic='measurements', partition=12), TopicPartition(topic='measurements', partition=13), TopicPartition(topic='measurements', partition=14), TopicPartition(topic='measurements', partition=15), TopicPartition(topic='measurements', partition=16), TopicPartition(topic='measurements', partition=17), TopicPartition(topic='measurements', partition=18), TopicPartition(topic='measurements', partition=19), TopicPartition(topic='measurements', partition=20), TopicPartition(topic='measurements', partition=21), TopicPartition(topic='measurements', partition=22), TopicPartition(topic='measurements', partition=23), TopicPartition(topic='measurements', partition=24), TopicPartition(topic='measurements', partition=25), TopicPartition(topic='measurements', partition=26), TopicPartition(topic='measurements', partition=27), TopicPartition(topic='measurements', partition=28), TopicPartition(topic='measurements', partition=29), TopicPartition(topic='measurements', partition=30), TopicPartition(topic='measurements', partition=31)]
INFO:kafka.coordinator.consumer:Setting newly assigned partitions {TopicPartition(topic='measurements', partition=25), TopicPartition(topic='measurements', partition=31), TopicPartition(topic='measurements', partition=0), TopicPartition(topic='measurements', partition=3), TopicPartition(topic='measurements', partition=9), TopicPartition(topic='measurements', partition=6), TopicPartition(topic='measurements', partition=12), TopicPartition(topic='measurements', partition=15), TopicPartition(topic='measurements', partition=21), TopicPartition(topic='measurements', partition=18), TopicPartition(topic='measurements', partition=24), TopicPartition(topic='measurements', partition=27), TopicPartition(topic='measurements', partition=30), TopicPartition(topic='measurements', partition=2), TopicPartition(topic='measurements', partition=5), TopicPartition(topic='measurements', partition=8), TopicPartition(topic='measurements', partition=14), TopicPartition(topic='measurements', partition=11), TopicPartition(topic='measurements', partition=17), TopicPartition(topic='measurements', partition=23), TopicPartition(topic='measurements', partition=20), TopicPartition(topic='measurements', partition=26), TopicPartition(topic='measurements', partition=29), TopicPartition(topic='measurements', partition=1), TopicPartition(topic='measurements', partition=7), TopicPartition(topic='measurements', partition=4), TopicPartition(topic='measurements', partition=10), TopicPartition(topic='measurements', partition=16), TopicPartition(topic='measurements', partition=13), TopicPartition(topic='measurements', partition=19), TopicPartition(topic='measurements', partition=22), TopicPartition(topic='measurements', partition=28)} for group ingestor
INFO:root:Inserted 19168937286
INFO:root:Inserted 19168937457
INFO:root:Inserted 19168937113
INFO:root:Inserted 19168937109
INFO:root:Inserted 19168937378
INFO:root:Inserted 19168937367
INFO:root:Inserted 19168937365
INFO:root:Inserted 19168937076
INFO:root:Inserted 19168937054
INFO:root:Inserted 19168937023
INFO:root:Inserted 19168937019
INFO:root:Inserted 19168937289
INFO:root:Inserted 19168937281
INFO:root:Inserted 19168937271
INFO:root:Inserted 19168937177
INFO:root:Inserted 19168937456
INFO:root:Inserted 19168937447
INFO:root:Inserted 19168937155
INFO:root:Inserted 19168937434
INFO:root:Inserted 19168937432
INFO:root:Inserted 19168937141
INFO:root:Inserted 19168937422
INFO:root:Inserted 19168937128
INFO:root:Inserted 19168937105
INFO:root:Inserted 19168937366
INFO:root:Inserted 19168937082
INFO:root:Inserted 19168937313
INFO:root:Inserted 19168937030
INFO:root:Inserted 19168937027
INFO:root:Inserted 19168937267
INFO:root:Inserted 19168937261
INFO:root:Inserted 19168937176
INFO:root:Inserted 19168937168
INFO:root:Inserted 19168937453
INFO:root:Inserted 19168937138
INFO:root:Inserted 19168937402
INFO:root:Inserted 19168937116
INFO:root:Inserted 19168937042
INFO:root:Inserted 19168937464
INFO:root:Inserted 19168937459
INFO:root:Inserted 19168937165
INFO:root:Inserted 19168937443
INFO:root:Inserted 19168937150
INFO:root:Inserted 19168937119
INFO:root:Inserted 19168937386
INFO:root:Inserted 19168937041
INFO:root:Inserted 19168937314
INFO:root:Inserted 19168937031
INFO:root:Inserted 19168937307
INFO:root:Inserted 19168937017
INFO:root:Inserted 19168937294
INFO:root:Inserted 19168937007
INFO:root:Inserted 19168937002
INFO:root:Inserted 19168937173
INFO:root:Inserted 19168937122
INFO:root:Inserted 19168937120
INFO:root:Inserted 19168937107
INFO:root:Inserted 19168937356
INFO:root:Inserted 19168937059
INFO:root:Inserted 19168937058
INFO:root:Inserted 19168937309
INFO:root:Inserted 19168937010
INFO:root:Inserted 19168937008
INFO:root:Inserted 19168937259
INFO:root:Inserted 19168937436
INFO:root:Inserted 19168937435
INFO:root:Inserted 19168937134
INFO:root:Inserted 19168937416
INFO:root:Inserted 19168937414
INFO:root:Inserted 19168937387
INFO:root:Inserted 19168937376
INFO:root:Inserted 19168937089
INFO:root:Inserted 19168937368
INFO:root:Inserted 19168937360
INFO:root:Inserted 19168937350
INFO:root:Inserted 19168937345
INFO:root:Inserted 19168937060
INFO:root:Inserted 19168937009
INFO:root:Inserted 19168937290
INFO:root:Inserted 19168937266
INFO:root:Inserted 19168937263
INFO:root:Inserted 19168937160
INFO:root:Inserted 19168937157
INFO:root:Inserted 19168937145
INFO:root:Inserted 19168937419
INFO:root:Inserted 19168937132
INFO:root:Inserted 19168937090
INFO:root:Inserted 19168937352
INFO:root:Inserted 19168937334
INFO:root:Inserted 19168937022
INFO:root:Inserted 19168937284
INFO:root:Inserted 19168937265
INFO:root:Inserted 19168937162
INFO:root:Inserted 19168937374
INFO:root:Inserted 19168937372
INFO:root:Inserted 19168937084
INFO:root:Inserted 19168937070
INFO:root:Inserted 19168937339
INFO:root:Inserted 19168937325
INFO:root:Inserted 19168937291
INFO:root:Inserted 19168937287
INFO:root:Inserted 19168937279
INFO:root:Inserted 19168937260
INFO:root:Inserted 19168937460
INFO:root:Inserted 19168937438
INFO:root:Inserted 19168937143
INFO:root:Inserted 19168937404
INFO:root:Inserted 19168937375
INFO:root:Inserted 19168937358
INFO:root:Inserted 19168937057
INFO:root:Inserted 19168937052
INFO:root:Inserted 19168937049
INFO:root:Inserted 19168937324
INFO:root:Inserted 19168937300
INFO:root:Inserted 19168937277
INFO:root:Inserted 19168937282
INFO:root:Inserted 19168937262
INFO:root:Inserted 19168937005
INFO:root:Inserted 19168937258
INFO:root:Inserted 19168937004
INFO:root:Inserted 19168937275
WARNING:kafka.coordinator:Heartbeat failed for group ingestor because it is rebalancing
INFO:root:Inserted 19168937171
INFO:root:Inserted 19168937170
INFO:root:Inserted 19168937446
INFO:root:Inserted 19168937430
INFO:root:Inserted 19168937135
INFO:root:Inserted 19168937126
INFO:root:Inserted 19168937396
INFO:root:Inserted 19168937364
INFO:root:Inserted 19168937329
INFO:root:Inserted 19168937039
INFO:root:Inserted 19168937037
INFO:root:Inserted 19168937264
INFO:root:Inserted 19168937272
INFO:root:Inserted 19168937093
INFO:root:Inserted 19168937050
INFO:root:Inserted 19168937317
INFO:root:Inserted 19168937016
INFO:root:Inserted 19168937283
INFO:root:Inserted 19168937276
INFO:root:Inserted 19168937273
INFO:root:Inserted 19168937455
INFO:root:Inserted 19168937131
INFO:root:Inserted 19168937394
INFO:root:Inserted 19168937108
INFO:root:Inserted 19168937371
INFO:root:Inserted 19168937075
INFO:root:Inserted 19168937055
INFO:root:Inserted 19168937322
INFO:root:Inserted 19168937270
INFO:root:Inserted 19168937129
INFO:root:Inserted 19168937407
INFO:root:Inserted 19168937397
INFO:root:Inserted 19168937104
INFO:root:Inserted 19168937095
INFO:root:Inserted 19168937064
INFO:root:Inserted 19168937006
INFO:root:Inserted 19168937003
INFO:root:Inserted 19168937280
INFO:root:Inserted 19168937268
INFO:root:Inserted 19168937288
INFO:root:Inserted 19168937278
INFO:root:Inserted 19168937274
INFO:root:Inserted 19168937174
INFO:root:Inserted 19168937442
WARNING:kafka.coordinator:Heartbeat failed for group ingestor because it is rebalancing
INFO:root:Inserted 19168937156
INFO:root:Inserted 19168937433
INFO:root:Inserted 19168937144
INFO:root:Inserted 19168937426
INFO:root:Inserted 19168937140
INFO:root:Inserted 19168937136
INFO:root:Inserted 19168937413
INFO:root:Inserted 19168937406
INFO:root:Inserted 19168937388
INFO:root:Inserted 19168937382
INFO:root:Inserted 19168937380
INFO:root:Inserted 19168937379
INFO:root:Inserted 19168937370
INFO:root:Inserted 19168937349
INFO:root:Inserted 19168937347
INFO:root:Inserted 19168937336
INFO:root:Inserted 19168937045
INFO:root:Inserted 19168937310
INFO:root:Inserted 19168937028
INFO:root:Inserted 19168937285
INFO:root:Inserted 19168937178
INFO:root:Inserted 19168937463
INFO:root:Inserted 19168937153
INFO:root:Inserted 19168937147
INFO:root:Inserted 19168937429
INFO:root:Inserted 19168937137
INFO:root:Inserted 19168937420
INFO:root:Inserted 19168937125
INFO:root:Inserted 19168937395
INFO:root:Inserted 19168937390
INFO:root:Inserted 19168937063
INFO:root:Inserted 19168937323
INFO:root:Inserted 19168937032
INFO:root:Inserted 19168937304
INFO:root:Inserted 19168937014
INFO:root:Inserted 19168937269
INFO:root:Inserted 19168937449
INFO:root:Inserted 19168937421
INFO:root:Inserted 19168937411
INFO:root:Inserted 19168937127
INFO:root:Inserted 19168937398
INFO:root:Inserted 19168937393
WARNING:kafka.coordinator:Heartbeat failed for group ingestor because it is rebalancing
INFO:root:Inserted 19168937066
INFO:root:Inserted 19168937320
INFO:root:Inserted 19168937034
INFO:kafka.coordinator.consumer:Revoking previously assigned partitions {TopicPartition(topic='measurements', partition=25), TopicPartition(topic='measurements', partition=31), TopicPartition(topic='measurements', partition=0), TopicPartition(topic='measurements', partition=3), TopicPartition(topic='measurements', partition=9), TopicPartition(topic='measurements', partition=6), TopicPartition(topic='measurements', partition=12), TopicPartition(topic='measurements', partition=15), TopicPartition(topic='measurements', partition=21), TopicPartition(topic='measurements', partition=18), TopicPartition(topic='measurements', partition=24), TopicPartition(topic='measurements', partition=27), TopicPartition(topic='measurements', partition=30), TopicPartition(topic='measurements', partition=2), TopicPartition(topic='measurements', partition=5), TopicPartition(topic='measurements', partition=8), TopicPartition(topic='measurements', partition=14), TopicPartition(topic='measurements', partition=11), TopicPartition(topic='measurements', partition=17), TopicPartition(topic='measurements', partition=23), TopicPartition(topic='measurements', partition=20), TopicPartition(topic='measurements', partition=26), TopicPartition(topic='measurements', partition=29), TopicPartition(topic='measurements', partition=1), TopicPartition(topic='measurements', partition=7), TopicPartition(topic='measurements', partition=4), TopicPartition(topic='measurements', partition=10), TopicPartition(topic='measurements', partition=16), TopicPartition(topic='measurements', partition=13), TopicPartition(topic='measurements', partition=19), TopicPartition(topic='measurements', partition=22), TopicPartition(topic='measurements', partition=28)} for group ingestor
INFO:kafka.coordinator:(Re-)joining group ingestor
INFO:kafka.coordinator:Elected group leader -- performing partition assignments using range
INFO:kafka.coordinator:Successfully joined group ingestor with generation 149
INFO:kafka.consumer.subscription_state:Updated partition assignment: [TopicPartition(topic='measurements', partition=0), TopicPartition(topic='measurements', partition=1), TopicPartition(topic='measurements', partition=2), TopicPartition(topic='measurements', partition=3), TopicPartition(topic='measurements', partition=4), TopicPartition(topic='measurements', partition=5), TopicPartition(topic='measurements', partition=6), TopicPartition(topic='measurements', partition=7), TopicPartition(topic='measurements', partition=8), TopicPartition(topic='measurements', partition=9), TopicPartition(topic='measurements', partition=10), TopicPartition(topic='measurements', partition=11), TopicPartition(topic='measurements', partition=12), TopicPartition(topic='measurements', partition=13), TopicPartition(topic='measurements', partition=14), TopicPartition(topic='measurements', partition=15)]
INFO:kafka.coordinator.consumer:Setting newly assigned partitions {TopicPartition(topic='measurements', partition=2), TopicPartition(topic='measurements', partition=5), TopicPartition(topic='measurements', partition=8), TopicPartition(topic='measurements', partition=14), TopicPartition(topic='measurements', partition=11), TopicPartition(topic='measurements', partition=0), TopicPartition(topic='measurements', partition=3), TopicPartition(topic='measurements', partition=9), TopicPartition(topic='measurements', partition=6), TopicPartition(topic='measurements', partition=12), TopicPartition(topic='measurements', partition=15), TopicPartition(topic='measurements', partition=1), TopicPartition(topic='measurements', partition=7), TopicPartition(topic='measurements', partition=4), TopicPartition(topic='measurements', partition=10), TopicPartition(topic='measurements', partition=13)} for group ingestor
INFO:root:Inserted 19168938144
INFO:root:Inserted 19168938143
INFO:root:Inserted 19168938139
INFO:root:Inserted 19168938137
INFO:root:Inserted 19168938135
INFO:root:Inserted 19168938129
INFO:root:Inserted 19168938127
INFO:root:Inserted 19168938126
INFO:root:Inserted 19168938125
INFO:root:Inserted 19168938123
INFO:root:Inserted 19168938122
INFO:root:Inserted 19168938120
INFO:root:Inserted 19168938118
INFO:root:Inserted 19168938116
INFO:root:Inserted 19168938114
INFO:root:Inserted 19168938113
INFO:root:Inserted 19168938111
INFO:root:Inserted 19168938110
INFO:root:Inserted 19168938109
INFO:root:Inserted 19168938107
INFO:root:Inserted 19168938105
INFO:root:Inserted 19168938103
INFO:root:Inserted 19168938102
INFO:root:Inserted 19168938100
INFO:root:Inserted 19168938099
INFO:root:Inserted 19168938096
INFO:root:Inserted 19168938095
INFO:root:Inserted 19168938094
INFO:root:Inserted 19168938093
INFO:root:Inserted 19168938090
INFO:root:Inserted 19168938087
INFO:root:Inserted 19168938078
INFO:root:Inserted 19168938076
INFO:root:Inserted 19168938072
INFO:root:Inserted 19168938071
INFO:root:Inserted 19168938066
INFO:root:Inserted 19168938065
INFO:root:Inserted 19168938063
INFO:root:Inserted 19168938060
INFO:root:Inserted 19168938059
INFO:root:Inserted 19168938052
INFO:root:Inserted 19168938051
INFO:root:Inserted 19168938050
INFO:root:Inserted 19168938049
INFO:root:Inserted 19168938047
INFO:root:Inserted 19168938046
INFO:root:Inserted 19168938045
INFO:root:Inserted 19168938044
INFO:root:Inserted 19168938043
INFO:root:Inserted 19168938041
INFO:root:Inserted 19168938039
INFO:root:Inserted 19168938038
INFO:root:Inserted 19168938037
INFO:root:Inserted 19168938034
INFO:root:Inserted 19168938033
INFO:root:Inserted 19168938032
INFO:root:Inserted 19168938028
INFO:root:Inserted 19168938027
WARNING:kafka.coordinator:Heartbeat failed for group ingestor because it is rebalancing
INFO:kafka.coordinator.consumer:Revoking previously assigned partitions {TopicPartition(topic='measurements', partition=12), TopicPartition(topic='measurements', partition=2), TopicPartition(topic='measurements', partition=15), TopicPartition(topic='measurements', partition=5), TopicPartition(topic='measurements', partition=8), TopicPartition(topic='measurements', partition=14), TopicPartition(topic='measurements', partition=11), TopicPartition(topic='measurements', partition=1), TopicPartition(topic='measurements', partition=7), TopicPartition(topic='measurements', partition=4), TopicPartition(topic='measurements', partition=10), TopicPartition(topic='measurements', partition=0), TopicPartition(topic='measurements', partition=13), TopicPartition(topic='measurements', partition=3), TopicPartition(topic='measurements', partition=9), TopicPartition(topic='measurements', partition=6)} for group ingestor
INFO:kafka.coordinator:(Re-)joining group ingestor
INFO:kafka.coordinator:Elected group leader -- performing partition assignments using range
INFO:kafka.coordinator:Successfully joined group ingestor with generation 150
INFO:kafka.consumer.subscription_state:Updated partition assignment: [TopicPartition(topic='measurements', partition=0), TopicPartition(topic='measurements', partition=1), TopicPartition(topic='measurements', partition=2), TopicPartition(topic='measurements', partition=3), TopicPartition(topic='measurements', partition=4), TopicPartition(topic='measurements', partition=5), TopicPartition(topic='measurements', partition=6), TopicPartition(topic='measurements', partition=7), TopicPartition(topic='measurements', partition=8), TopicPartition(topic='measurements', partition=9), TopicPartition(topic='measurements', partition=10)]
INFO:kafka.coordinator.consumer:Setting newly assigned partitions {TopicPartition(topic='measurements', partition=2), TopicPartition(topic='measurements', partition=5), TopicPartition(topic='measurements', partition=8), TopicPartition(topic='measurements', partition=1), TopicPartition(topic='measurements', partition=7), TopicPartition(topic='measurements', partition=4), TopicPartition(topic='measurements', partition=10), TopicPartition(topic='measurements', partition=0), TopicPartition(topic='measurements', partition=3), TopicPartition(topic='measurements', partition=9), TopicPartition(topic='measurements', partition=6)} for group ingestor
INFO:root:Inserted 19168938023
INFO:root:Inserted 19168938021
INFO:root:Inserted 19168938019
INFO:root:Inserted 19168938018
INFO:root:Inserted 19168938016
INFO:root:Inserted 19168938015
INFO:root:Inserted 19168938011
INFO:root:Inserted 19168938007
INFO:root:Inserted 19168938003
INFO:root:Inserted 19168938002
INFO:root:Inserted 19168937995
INFO:root:Inserted 19168937994
INFO:root:Inserted 19168937981
INFO:root:Inserted 19168937980
INFO:root:Inserted 19168937979
INFO:root:Inserted 19168937978
INFO:root:Inserted 19168937976
INFO:root:Inserted 19168937972
INFO:root:Inserted 19168937971
INFO:root:Inserted 19168937967
INFO:root:Inserted 19168937965
INFO:root:Inserted 19168937963
INFO:root:Inserted 19168937962
INFO:root:Inserted 19168937958
INFO:root:Inserted 19168937957
INFO:root:Inserted 19168937954
INFO:root:Inserted 19168937945
INFO:root:Inserted 19168937943
INFO:root:Inserted 19168937941
INFO:root:Inserted 19168937937
INFO:root:Inserted 19168937936
INFO:root:Inserted 19168937932
INFO:root:Inserted 19168937929
INFO:root:Inserted 19168937924
INFO:root:Inserted 19168937922
INFO:root:Inserted 19168937921
INFO:root:Inserted 19168937919
INFO:root:Inserted 19168937908
INFO:root:Inserted 19168937904
INFO:root:Inserted 19168937899
INFO:root:Inserted 19168937897
INFO:root:Inserted 19168937895
INFO:root:Inserted 19168937894
INFO:root:Inserted 19168937892
INFO:root:Inserted 19168937888
INFO:root:Inserted 19168937887
INFO:root:Inserted 19168937883
INFO:root:Inserted 19168937881
INFO:root:Inserted 19168937880
INFO:root:Inserted 19168937879
INFO:root:Inserted 19168937877
INFO:root:Inserted 19168937875
INFO:root:Inserted 19168937870
INFO:root:Inserted 19168937867
INFO:root:Inserted 19168937866
INFO:root:Inserted 19168937864
INFO:root:Inserted 19168937861
INFO:root:Inserted 19168937855
INFO:root:Inserted 19168937853
INFO:root:Inserted 19168937851
WARNING:kafka.coordinator:Heartbeat failed for group ingestor because it is rebalancing
INFO:kafka.coordinator.consumer:Revoking previously assigned partitions {TopicPartition(topic='measurements', partition=2), TopicPartition(topic='measurements', partition=5), TopicPartition(topic='measurements', partition=8), TopicPartition(topic='measurements', partition=1), TopicPartition(topic='measurements', partition=7), TopicPartition(topic='measurements', partition=4), TopicPartition(topic='measurements', partition=10), TopicPartition(topic='measurements', partition=0), TopicPartition(topic='measurements', partition=3), TopicPartition(topic='measurements', partition=9), TopicPartition(topic='measurements', partition=6)} for group ingestor
INFO:kafka.coordinator:(Re-)joining group ingestor
INFO:kafka.coordinator:Elected group leader -- performing partition assignments using range
INFO:kafka.coordinator:Successfully joined group ingestor with generation 151
INFO:kafka.consumer.subscription_state:Updated partition assignment: [TopicPartition(topic='measurements', partition=0), TopicPartition(topic='measurements', partition=1), TopicPartition(topic='measurements', partition=2), TopicPartition(topic='measurements', partition=3), TopicPartition(topic='measurements', partition=4), TopicPartition(topic='measurements', partition=5), TopicPartition(topic='measurements', partition=6), TopicPartition(topic='measurements', partition=7)]
INFO:kafka.coordinator.consumer:Setting newly assigned partitions {TopicPartition(topic='measurements', partition=2), TopicPartition(topic='measurements', partition=5), TopicPartition(topic='measurements', partition=1), TopicPartition(topic='measurements', partition=7), TopicPartition(topic='measurements', partition=4), TopicPartition(topic='measurements', partition=0), TopicPartition(topic='measurements', partition=3), TopicPartition(topic='measurements', partition=6)} for group ingestor
INFO:root:Inserted 19168937850
INFO:root:Inserted 19168937849
INFO:root:Inserted 19168937848
INFO:root:Inserted 19168937846
INFO:root:Inserted 19168937845
INFO:root:Inserted 19168937831
INFO:root:Inserted 19168937824
INFO:root:Inserted 19168937821
INFO:root:Inserted 19168937817
INFO:root:Inserted 19168937816
INFO:root:Inserted 19168937815
INFO:root:Inserted 19168937812
INFO:root:Inserted 19168937803
INFO:root:Inserted 19168937799
INFO:root:Inserted 19168937797
INFO:root:Inserted 19168937791
INFO:root:Inserted 19168937789
INFO:root:Inserted 19168937788
INFO:root:Inserted 19168937785
INFO:root:Inserted 19168937780
INFO:root:Inserted 19168937777
INFO:root:Inserted 19168937775
INFO:root:Inserted 19168937768
INFO:root:Inserted 19168937767
INFO:root:Inserted 19168937765
INFO:root:Inserted 19168937760
INFO:root:Inserted 19168937758
INFO:root:Inserted 19168937751
INFO:root:Inserted 19168937750
INFO:root:Inserted 19168937745
INFO:root:Inserted 19168937741
INFO:root:Inserted 19168937739
INFO:root:Inserted 19168937737
INFO:root:Inserted 19168937736
INFO:root:Inserted 19168937733
INFO:root:Inserted 19168937728
INFO:root:Inserted 19168937721
INFO:root:Inserted 19168937718
INFO:root:Inserted 19168937715
INFO:root:Inserted 19168937706
INFO:root:Inserted 19168937697
INFO:root:Inserted 19168937687
INFO:root:Inserted 19168937686
INFO:root:Inserted 19168937684
INFO:root:Inserted 19168937682
INFO:root:Inserted 19168937675
WARNING:kafka.coordinator:Heartbeat failed for group ingestor because it is rebalancing
INFO:kafka.coordinator.consumer:Revoking previously assigned partitions {TopicPartition(topic='measurements', partition=2), TopicPartition(topic='measurements', partition=5), TopicPartition(topic='measurements', partition=1), TopicPartition(topic='measurements', partition=7), TopicPartition(topic='measurements', partition=4), TopicPartition(topic='measurements', partition=0), TopicPartition(topic='measurements', partition=3), TopicPartition(topic='measurements', partition=6)} for group ingestor
INFO:kafka.coordinator:(Re-)joining group ingestor
INFO:kafka.coordinator:Elected group leader -- performing partition assignments using range
INFO:kafka.coordinator:Successfully joined group ingestor with generation 152
INFO:kafka.consumer.subscription_state:Updated partition assignment: [TopicPartition(topic='measurements', partition=0), TopicPartition(topic='measurements', partition=1), TopicPartition(topic='measurements', partition=2), TopicPartition(topic='measurements', partition=3), TopicPartition(topic='measurements', partition=4), TopicPartition(topic='measurements', partition=5), TopicPartition(topic='measurements', partition=6), TopicPartition(topic='measurements', partition=7), TopicPartition(topic='measurements', partition=8), TopicPartition(topic='measurements', partition=9), TopicPartition(topic='measurements', partition=10), TopicPartition(topic='measurements', partition=11), TopicPartition(topic='measurements', partition=12), TopicPartition(topic='measurements', partition=13), TopicPartition(topic='measurements', partition=14), TopicPartition(topic='measurements', partition=15)]
INFO:kafka.coordinator.consumer:Setting newly assigned partitions {TopicPartition(topic='measurements', partition=2), TopicPartition(topic='measurements', partition=5), TopicPartition(topic='measurements', partition=8), TopicPartition(topic='measurements', partition=14), TopicPartition(topic='measurements', partition=11), TopicPartition(topic='measurements', partition=0), TopicPartition(topic='measurements', partition=3), TopicPartition(topic='measurements', partition=9), TopicPartition(topic='measurements', partition=6), TopicPartition(topic='measurements', partition=12), TopicPartition(topic='measurements', partition=15), TopicPartition(topic='measurements', partition=1), TopicPartition(topic='measurements', partition=7), TopicPartition(topic='measurements', partition=4), TopicPartition(topic='measurements', partition=10), TopicPartition(topic='measurements', partition=13)} for group ingestor
INFO:root:Inserted 19168937663
INFO:root:Inserted 19168937658
INFO:root:Inserted 19168937671
INFO:root:Inserted 19168937667
INFO:root:Inserted 19168937664
INFO:root:Inserted 19168937673
INFO:root:Inserted 19168937654
INFO:root:Inserted 19168937653
INFO:root:Inserted 19168937652
INFO:root:Inserted 19168937650
INFO:root:Inserted 19168937651
INFO:root:Inserted 19168937647
INFO:root:Inserted 19168937641
INFO:root:Inserted 19168937640
INFO:root:Inserted 19168937637
INFO:root:Inserted 19168937636
INFO:root:Inserted 19168937635
INFO:root:Inserted 19168937633
INFO:root:Inserted 19168937632
INFO:root:Inserted 19168937629
INFO:root:Inserted 19168937622
INFO:root:Inserted 19168937621
INFO:root:Inserted 19168937620
INFO:root:Inserted 19168937617
INFO:root:Inserted 19168937616
INFO:root:Inserted 19168937615
INFO:root:Inserted 19168937614
INFO:root:Inserted 19168937613
INFO:root:Inserted 19168937611
INFO:root:Inserted 19168937609
INFO:root:Inserted 19168937607
INFO:root:Inserted 19168937605
INFO:root:Inserted 19168937604
INFO:root:Inserted 19168937601
WARNING:kafka.coordinator:Heartbeat failed for group ingestor because it is rebalancing
INFO:kafka.coordinator.consumer:Revoking previously assigned partitions {TopicPartition(topic='measurements', partition=12), TopicPartition(topic='measurements', partition=2), TopicPartition(topic='measurements', partition=15), TopicPartition(topic='measurements', partition=5), TopicPartition(topic='measurements', partition=8), TopicPartition(topic='measurements', partition=14), TopicPartition(topic='measurements', partition=11), TopicPartition(topic='measurements', partition=1), TopicPartition(topic='measurements', partition=7), TopicPartition(topic='measurements', partition=4), TopicPartition(topic='measurements', partition=10), TopicPartition(topic='measurements', partition=0), TopicPartition(topic='measurements', partition=13), TopicPartition(topic='measurements', partition=3), TopicPartition(topic='measurements', partition=9), TopicPartition(topic='measurements', partition=6)} for group ingestor
INFO:kafka.coordinator:(Re-)joining group ingestor
INFO:kafka.coordinator:Elected group leader -- performing partition assignments using range
INFO:kafka.coordinator:Successfully joined group ingestor with generation 153
INFO:kafka.consumer.subscription_state:Updated partition assignment: [TopicPartition(topic='measurements', partition=11), TopicPartition(topic='measurements', partition=12), TopicPartition(topic='measurements', partition=13), TopicPartition(topic='measurements', partition=14), TopicPartition(topic='measurements', partition=15), TopicPartition(topic='measurements', partition=16), TopicPartition(topic='measurements', partition=17), TopicPartition(topic='measurements', partition=18), TopicPartition(topic='measurements', partition=19), TopicPartition(topic='measurements', partition=20), TopicPartition(topic='measurements', partition=21)]
INFO:kafka.coordinator.consumer:Setting newly assigned partitions {TopicPartition(topic='measurements', partition=12), TopicPartition(topic='measurements', partition=15), TopicPartition(topic='measurements', partition=21), TopicPartition(topic='measurements', partition=18), TopicPartition(topic='measurements', partition=14), TopicPartition(topic='measurements', partition=11), TopicPartition(topic='measurements', partition=17), TopicPartition(topic='measurements', partition=20), TopicPartition(topic='measurements', partition=16), TopicPartition(topic='measurements', partition=13), TopicPartition(topic='measurements', partition=19)} for group ingestor
INFO:root:Inserted 19168937600
INFO:root:Inserted 19168937599
INFO:root:Inserted 19168937590
INFO:root:Inserted 19168937587
INFO:root:Inserted 19168937586
INFO:root:Inserted 19168937582
INFO:root:Inserted 19168937577
INFO:root:Inserted 19168937575
INFO:root:Inserted 19168937574
INFO:root:Inserted 19168937571
INFO:root:Inserted 19168937569
INFO:root:Inserted 19168937568
INFO:root:Inserted 19168937566
INFO:root:Inserted 19168937565
INFO:root:Inserted 19168937562
INFO:root:Inserted 19168937561
INFO:root:Inserted 19168937554
INFO:root:Inserted 19168937553
INFO:root:Inserted 19168937552
INFO:root:Inserted 19168937548
INFO:root:Inserted 19168937547
INFO:root:Inserted 19168937546
INFO:root:Inserted 19168937542
INFO:root:Inserted 19168937540
INFO:root:Inserted 19168937536
INFO:root:Inserted 19168937532
INFO:root:Inserted 19168937530
INFO:root:Inserted 19168937526
INFO:root:Inserted 19168937523
INFO:root:Inserted 19168937521
INFO:root:Inserted 19168937519
INFO:root:Inserted 19168937517
INFO:root:Inserted 19168937516
INFO:root:Inserted 19168937513
INFO:root:Inserted 19168937512
INFO:root:Inserted 19168937511
INFO:root:Inserted 19168937505
INFO:root:Inserted 19168937502
INFO:root:Inserted 19168937500
INFO:root:Inserted 19168937494
INFO:root:Inserted 19168937492
INFO:root:Inserted 19168937488
INFO:root:Inserted 19168937485
INFO:root:Inserted 19168937483
INFO:root:Inserted 19168937478
INFO:root:Inserted 19168937475
INFO:root:Inserted 19168937473
INFO:root:Inserted 19168937467
INFO:root:Inserted 19168937463
INFO:root:Inserted 19168937462
INFO:root:Inserted 19168937459
INFO:root:Inserted 19168937458
INFO:root:Inserted 19168938143
INFO:root:Inserted 19168937457
INFO:root:Inserted 19168937455
INFO:root:Inserted 19168938141
INFO:root:Inserted 19168937454
INFO:root:Inserted 19168938138
INFO:root:Inserted 19168938133
INFO:root:Inserted 19168937444
INFO:root:Inserted 19168938129
INFO:root:Inserted 19168937442
INFO:root:Inserted 19168938128
INFO:root:Inserted 19168938126
INFO:root:Inserted 19168938124
INFO:root:Inserted 19168937436
INFO:root:Inserted 19168937434
INFO:root:Inserted 19168938120
INFO:root:Inserted 19168937433
INFO:root:Inserted 19168937432
INFO:root:Inserted 19168937427
INFO:root:Inserted 19168938114
INFO:root:Inserted 19168937426
INFO:root:Inserted 19168938112
INFO:root:Inserted 19168937425
INFO:root:Inserted 19168938111
INFO:root:Inserted 19168937422
INFO:root:Inserted 19168938110
INFO:root:Inserted 19168937421
INFO:root:Inserted 19168937420
INFO:root:Inserted 19168938107
INFO:root:Inserted 19168937419
INFO:root:Inserted 19168938105
WARNING:kafka.coordinator:Heartbeat failed for group ingestor because it is rebalancing
INFO:kafka.coordinator.consumer:Revoking previously assigned partitions {TopicPartition(topic='measurements', partition=12), TopicPartition(topic='measurements', partition=15), TopicPartition(topic='measurements', partition=21), TopicPartition(topic='measurements', partition=18), TopicPartition(topic='measurements', partition=14), TopicPartition(topic='measurements', partition=11), TopicPartition(topic='measurements', partition=17), TopicPartition(topic='measurements', partition=20), TopicPartition(topic='measurements', partition=16), TopicPartition(topic='measurements', partition=13), TopicPartition(topic='measurements', partition=19)} for group ingestor
INFO:kafka.coordinator:(Re-)joining group ingestor
INFO:kafka.coordinator:Elected group leader -- performing partition assignments using range
INFO:kafka.coordinator:Successfully joined group ingestor with generation 154
INFO:kafka.consumer.subscription_state:Updated partition assignment: [TopicPartition(topic='measurements', partition=0), TopicPartition(topic='measurements', partition=1), TopicPartition(topic='measurements', partition=2), TopicPartition(topic='measurements', partition=3), TopicPartition(topic='measurements', partition=4), TopicPartition(topic='measurements', partition=5), TopicPartition(topic='measurements', partition=6), TopicPartition(topic='measurements', partition=7), TopicPartition(topic='measurements', partition=8), TopicPartition(topic='measurements', partition=9), TopicPartition(topic='measurements', partition=10), TopicPartition(topic='measurements', partition=11), TopicPartition(topic='measurements', partition=12), TopicPartition(topic='measurements', partition=13), TopicPartition(topic='measurements', partition=14), TopicPartition(topic='measurements', partition=15)]
INFO:kafka.coordinator.consumer:Setting newly assigned partitions {TopicPartition(topic='measurements', partition=2), TopicPartition(topic='measurements', partition=5), TopicPartition(topic='measurements', partition=8), TopicPartition(topic='measurements', partition=14), TopicPartition(topic='measurements', partition=11), TopicPartition(topic='measurements', partition=0), TopicPartition(topic='measurements', partition=3), TopicPartition(topic='measurements', partition=9), TopicPartition(topic='measurements', partition=6), TopicPartition(topic='measurements', partition=12), TopicPartition(topic='measurements', partition=15), TopicPartition(topic='measurements', partition=1), TopicPartition(topic='measurements', partition=7), TopicPartition(topic='measurements', partition=4), TopicPartition(topic='measurements', partition=10), TopicPartition(topic='measurements', partition=13)} for group ingestor
INFO:root:Inserted 19168937533
INFO:root:Inserted 19168937514
INFO:root:Inserted 19168937464
INFO:root:Inserted 19168937448
INFO:root:Inserted 19168938106
INFO:root:Inserted 19168937491
INFO:root:Inserted 19168937481
INFO:root:Inserted 19168937469
INFO:root:Inserted 19168937453
INFO:root:Inserted 19168937441
INFO:root:Inserted 19168938125
INFO:root:Inserted 19168938109
INFO:root:Inserted 19168937522
INFO:root:Inserted 19168937471
INFO:root:Inserted 19168938134
INFO:root:Inserted 19168938132
INFO:root:Inserted 19168937439
INFO:root:Inserted 19168937429
INFO:root:Inserted 19168937543
INFO:root:Inserted 19168937541
INFO:root:Inserted 19168937487
INFO:root:Inserted 19168938137
INFO:root:Inserted 19168938130
INFO:root:Inserted 19168937414
INFO:root:Inserted 19168937534
INFO:root:Inserted 19168937477
INFO:root:Inserted 19168938146
INFO:root:Inserted 19168938140
INFO:root:Inserted 19168938136
INFO:root:Inserted 19168937447
INFO:root:Inserted 19168938121
INFO:root:Inserted 19168938117
INFO:root:Inserted 19168937430
INFO:root:Inserted 19168937498
INFO:root:Inserted 19168937489
INFO:root:Inserted 19168937443
INFO:root:Inserted 19168937417
INFO:root:Inserted 19168937539
INFO:root:Inserted 19168937493
INFO:root:Inserted 19168938135
INFO:root:Inserted 19168938127
INFO:root:Inserted 19168937518
INFO:root:Inserted 19168937504
INFO:root:Inserted 19168937452
INFO:root:Inserted 19168937470
INFO:root:Inserted 19168938142
INFO:root:Inserted 19168938139
INFO:root:Inserted 19168937438
INFO:root:Inserted 19168937416
INFO:root:Inserted 19168937531
INFO:root:Inserted 19168937527
INFO:root:Inserted 19168937506
INFO:root:Inserted 19168937480
INFO:root:Inserted 19168937446
INFO:root:Inserted 19168938113
INFO:root:Inserted 19168937413
INFO:root:Inserted 19168938088
INFO:root:Inserted 19168937412
INFO:root:Inserted 19168938098
INFO:root:Inserted 19168937374
INFO:root:Inserted 19168938100
INFO:root:Inserted 19168938086
INFO:root:Inserted 19168937393
INFO:root:Inserted 19168938080
INFO:root:Inserted 19168937378
INFO:root:Inserted 19168937395
INFO:root:Inserted 19168938066
INFO:root:Inserted 19168937407
INFO:root:Inserted 19168938085
INFO:root:Inserted 19168938078
INFO:root:Inserted 19168938069
INFO:root:Inserted 19168937409
INFO:root:Inserted 19168938093
INFO:root:Inserted 19168937400
INFO:root:Inserted 19168937397
INFO:root:Inserted 19168937375
INFO:root:Inserted 19168937376
INFO:root:Inserted 19168938099
INFO:root:Inserted 19168937396
INFO:root:Inserted 19168938079
INFO:root:Inserted 19168938077
INFO:root:Inserted 19168937380
INFO:root:Inserted 19168938065
INFO:root:Inserted 19168938092
INFO:root:Inserted 19168937404
INFO:root:Inserted 19168938084
INFO:root:Inserted 19168937382
INFO:root:Inserted 19168937408
INFO:root:Inserted 19168938072
INFO:root:Inserted 19168937411
INFO:root:Inserted 19168938083
INFO:root:Inserted 19168937394
INFO:root:Inserted 19168938094
INFO:root:Inserted 19168938087
INFO:root:Inserted 19168937402
INFO:root:Inserted 19168938089
INFO:root:Inserted 19168937390
INFO:root:Inserted 19168937388
INFO:root:Inserted 19168938075
INFO:root:Inserted 19168937392
INFO:root:Inserted 19168937389
INFO:root:Inserted 19168937386
INFO:root:Inserted 19168938068
INFO:root:Inserted 19168938043
INFO:root:Inserted 19168938040
INFO:root:Inserted 19168938061
INFO:root:Inserted 19168938055
INFO:root:Inserted 19168938046
INFO:root:Inserted 19168938044
INFO:root:Inserted 19168938033
INFO:root:Inserted 19168938042
INFO:root:Inserted 19168937366
INFO:root:Inserted 19168938045
INFO:root:Inserted 19168937342
INFO:root:Inserted 19168937339
INFO:root:Inserted 19168937344
INFO:root:Inserted 19168938059
INFO:root:Inserted 19168937370
INFO:root:Inserted 19168937356
INFO:root:Inserted 19168938030
INFO:root:Inserted 19168938051
INFO:root:Inserted 19168937361
INFO:root:Inserted 19168937355
INFO:root:Inserted 19168937365
INFO:root:Inserted 19168937359
INFO:root:Inserted 19168938048
INFO:root:Inserted 19168938037
INFO:root:Inserted 19168938031
INFO:root:Inserted 19168937368
INFO:root:Inserted 19168937347
INFO:root:Inserted 19168937371
INFO:root:Inserted 19168938049
INFO:root:Inserted 19168938032
INFO:root:Inserted 19168937360
INFO:root:Inserted 19168938019
INFO:root:Inserted 19168938008
INFO:root:Inserted 19168938029
INFO:root:Inserted 19168938022
INFO:root:Inserted 19168937336
INFO:root:Inserted 19168937324
INFO:root:Inserted 19168937322
INFO:root:Inserted 19168937323
INFO:root:Inserted 19168938010
INFO:root:Inserted 19168938014
INFO:root:Inserted 19168938016
INFO:root:Inserted 19168938015
INFO:root:Inserted 19168938025
INFO:root:Inserted 19168938020
INFO:root:Inserted 19168937325
INFO:root:Inserted 19168938012
INFO:root:Inserted 19168937320
INFO:root:Inserted 19168937319
INFO:root:Inserted 19168937337
INFO:root:Inserted 19168937330
INFO:root:Inserted 19168937318
INFO:root:Inserted 19168937335
INFO:root:Inserted 19168938017
INFO:root:Inserted 19168937321
INFO:root:Inserted 19168938002
INFO:root:Inserted 19168938000
INFO:root:Inserted 19168938006
INFO:root:Inserted 19168937309
INFO:root:Inserted 19168937304
INFO:root:Inserted 19168937999
INFO:root:Inserted 19168937995
INFO:root:Inserted 19168938005
INFO:root:Inserted 19168937303
INFO:root:Inserted 19168937994
INFO:root:Inserted 19168937993
INFO:root:Inserted 19168937313
INFO:root:Inserted 19168938003
INFO:root:Inserted 19168938001
INFO:root:Inserted 19168937292
INFO:root:Inserted 19168937298
INFO:root:Inserted 19168937299
INFO:root:Inserted 19168937985
INFO:root:Inserted 19168937294
INFO:root:Inserted 19168937982
INFO:root:Inserted 19168937981
INFO:root:Inserted 19168937297
INFO:root:Inserted 19168937988
INFO:root:Inserted 19168937295
INFO:root:Inserted 19168937293
INFO:root:Inserted 19168937978
INFO:root:Inserted 19168937976
INFO:root:Inserted 19168937973
INFO:root:Inserted 19168937977
INFO:root:Inserted 19168937283
INFO:root:Inserted 19168937287
INFO:root:Inserted 19168937980
INFO:root:Inserted 19168937285
INFO:root:Inserted 19168937281
INFO:root:Inserted 19168937971
INFO:root:Inserted 19168937277
INFO:root:Inserted 19168937279
INFO:root:Inserted 19168937970
INFO:root:Inserted 19168937282
INFO:root:Inserted 19168937280
INFO:root:Inserted 19168937969
INFO:root:Inserted 19168937276
INFO:root:Inserted 19168937964
INFO:root:Inserted 19168937274
INFO:root:Inserted 19168937272
INFO:root:Inserted 19168937273
INFO:root:Inserted 19168937963
WARNING:kafka.coordinator:Heartbeat failed for group ingestor because it is rebalancing
INFO:kafka.coordinator.consumer:Revoking previously assigned partitions {TopicPartition(topic='measurements', partition=12), TopicPartition(topic='measurements', partition=2), TopicPartition(topic='measurements', partition=15), TopicPartition(topic='measurements', partition=5), TopicPartition(topic='measurements', partition=8), TopicPartition(topic='measurements', partition=14), TopicPartition(topic='measurements', partition=11), TopicPartition(topic='measurements', partition=1), TopicPartition(topic='measurements', partition=7), TopicPartition(topic='measurements', partition=4), TopicPartition(topic='measurements', partition=10), TopicPartition(topic='measurements', partition=0), TopicPartition(topic='measurements', partition=13), TopicPartition(topic='measurements', partition=3), TopicPartition(topic='measurements', partition=9), TopicPartition(topic='measurements', partition=6)} for group ingestor
INFO:kafka.coordinator:(Re-)joining group ingestor
INFO:kafka.coordinator:Elected group leader -- performing partition assignments using range
INFO:kafka.coordinator:Successfully joined group ingestor with generation 155
INFO:kafka.consumer.subscription_state:Updated partition assignment: [TopicPartition(topic='measurements', partition=0), TopicPartition(topic='measurements', partition=1), TopicPartition(topic='measurements', partition=2), TopicPartition(topic='measurements', partition=3), TopicPartition(topic='measurements', partition=4), TopicPartition(topic='measurements', partition=5), TopicPartition(topic='measurements', partition=6), TopicPartition(topic='measurements', partition=7), TopicPartition(topic='measurements', partition=8), TopicPartition(topic='measurements', partition=9), TopicPartition(topic='measurements', partition=10), TopicPartition(topic='measurements', partition=11), TopicPartition(topic='measurements', partition=12), TopicPartition(topic='measurements', partition=13), TopicPartition(topic='measurements', partition=14), TopicPartition(topic='measurements', partition=15), TopicPartition(topic='measurements', partition=16), TopicPartition(topic='measurements', partition=17), TopicPartition(topic='measurements', partition=18), TopicPartition(topic='measurements', partition=19), TopicPartition(topic='measurements', partition=20), TopicPartition(topic='measurements', partition=21), TopicPartition(topic='measurements', partition=22), TopicPartition(topic='measurements', partition=23), TopicPartition(topic='measurements', partition=24), TopicPartition(topic='measurements', partition=25), TopicPartition(topic='measurements', partition=26), TopicPartition(topic='measurements', partition=27), TopicPartition(topic='measurements', partition=28), TopicPartition(topic='measurements', partition=29), TopicPartition(topic='measurements', partition=30), TopicPartition(topic='measurements', partition=31)]
INFO:kafka.coordinator.consumer:Setting newly assigned partitions {TopicPartition(topic='measurements', partition=25), TopicPartition(topic='measurements', partition=31), TopicPartition(topic='measurements', partition=0), TopicPartition(topic='measurements', partition=3), TopicPartition(topic='measurements', partition=9), TopicPartition(topic='measurements', partition=6), TopicPartition(topic='measurements', partition=12), TopicPartition(topic='measurements', partition=15), TopicPartition(topic='measurements', partition=21), TopicPartition(topic='measurements', partition=18), TopicPartition(topic='measurements', partition=24), TopicPartition(topic='measurements', partition=27), TopicPartition(topic='measurements', partition=30), TopicPartition(topic='measurements', partition=2), TopicPartition(topic='measurements', partition=5), TopicPartition(topic='measurements', partition=8), TopicPartition(topic='measurements', partition=14), TopicPartition(topic='measurements', partition=11), TopicPartition(topic='measurements', partition=17), TopicPartition(topic='measurements', partition=23), TopicPartition(topic='measurements', partition=20), TopicPartition(topic='measurements', partition=26), TopicPartition(topic='measurements', partition=29), TopicPartition(topic='measurements', partition=1), TopicPartition(topic='measurements', partition=7), TopicPartition(topic='measurements', partition=4), TopicPartition(topic='measurements', partition=10), TopicPartition(topic='measurements', partition=16), TopicPartition(topic='measurements', partition=13), TopicPartition(topic='measurements', partition=19), TopicPartition(topic='measurements', partition=22), TopicPartition(topic='measurements', partition=28)} for group ingestor
INFO:root:Inserted 19168937959
INFO:root:Inserted 19168937270
INFO:root:Inserted 19168937960
INFO:root:Inserted 19168937958
INFO:root:Inserted 19168937384
INFO:root:Inserted 19168937343
INFO:root:Inserted 19168937334
INFO:root:Inserted 19168937332
INFO:root:Inserted 19168937310
INFO:root:Inserted 19168937308
INFO:root:Inserted 19168937271
INFO:root:Inserted 19168937399
INFO:root:Inserted 19168937381
INFO:root:Inserted 19168937329
INFO:root:Inserted 19168938009
INFO:root:Inserted 19168937289
INFO:root:Inserted 19168937278
INFO:root:Inserted 19168937966
INFO:root:Inserted 19168938063
INFO:root:Inserted 19168938060
INFO:root:Inserted 19168938038
INFO:root:Inserted 19168938027
INFO:root:Inserted 19168938024
INFO:root:Inserted 19168937317
INFO:root:Inserted 19168937387
INFO:root:Inserted 19168937385
INFO:root:Inserted 19168938071
INFO:root:Inserted 19168937327
INFO:root:Inserted 19168937312
INFO:root:Inserted 19168937998
INFO:root:Inserted 19168937300
INFO:root:Inserted 19168937984
INFO:root:Inserted 19168937290
INFO:root:Inserted 19168937974
INFO:root:Inserted 19168938081
INFO:root:Inserted 19168938056
INFO:root:Inserted 19168937364
INFO:root:Inserted 19168937333
INFO:root:Inserted 19168937311
INFO:root:Inserted 19168937986
INFO:root:Inserted 19168937962
INFO:root:Inserted 19168937957
INFO:root:Inserted 19168938097
INFO:root:Inserted 19168938091
INFO:root:Inserted 19168938073
INFO:root:Inserted 19168938064
INFO:root:Inserted 19168937373
INFO:root:Inserted 19168938053
INFO:root:Inserted 19168937353
INFO:root:Inserted 19168938036
INFO:root:Inserted 19168938018
INFO:root:Inserted 19168937983
INFO:root:Inserted 19168938102
INFO:root:Inserted 19168938076
INFO:root:Inserted 19168937357
INFO:root:Inserted 19168937349
INFO:root:Inserted 19168938039
INFO:root:Inserted 19168938013
INFO:root:Inserted 19168937997
INFO:root:Inserted 19168937284
INFO:root:Inserted 19168937968
INFO:root:Inserted 19168937406
INFO:root:Inserted 19168938062
INFO:root:Inserted 19168937328
INFO:root:Inserted 19168937315
INFO:root:Inserted 19168937302
INFO:root:Inserted 19168937288
INFO:root:Inserted 19168938070
INFO:root:Inserted 19168937367
INFO:root:Inserted 19168937358
INFO:root:Inserted 19168938047
INFO:root:Inserted 19168937354
INFO:root:Inserted 19168938011
INFO:root:Inserted 19168937316
INFO:root:Inserted 19168937989
INFO:root:Inserted 19168937269
INFO:root:Inserted 19168938103
INFO:root:Inserted 19168938095
INFO:root:Inserted 19168938082
INFO:root:Inserted 19168938052
INFO:root:Inserted 19168937338
INFO:root:Inserted 19168937979
INFO:root:Inserted 19168937961
INFO:root:Inserted 19168938101
INFO:root:Inserted 19168938067
INFO:root:Inserted 19168937369
INFO:root:Inserted 19168938050
INFO:root:Inserted 19168937346
INFO:root:Inserted 19168938028
INFO:root:Inserted 19168938023
INFO:root:Inserted 19168937314
INFO:root:Inserted 19168938004
INFO:root:Inserted 19168937286
INFO:root:Inserted 19168937972
INFO:root:Inserted 19168937379
INFO:root:Inserted 19168938057
INFO:root:Inserted 19168938041
INFO:root:Inserted 19168937348
INFO:root:Inserted 19168937345
INFO:root:Inserted 19168937341
INFO:root:Inserted 19168938007
INFO:root:Inserted 19168937996
INFO:root:Inserted 19168937301
INFO:root:Inserted 19168937967
INFO:root:Inserted 19168937268
INFO:root:Inserted 19168937398
INFO:root:Inserted 19168938074
INFO:root:Inserted 19168938026
INFO:root:Inserted 19168938021
INFO:root:Inserted 19168937306
INFO:root:Inserted 19168937990
INFO:root:Inserted 19168937296
INFO:root:Inserted 19168938096
INFO:root:Inserted 19168937405
INFO:root:Inserted 19168937403
INFO:root:Inserted 19168937372
INFO:root:Inserted 19168938058
INFO:root:Inserted 19168937350
INFO:root:Inserted 19168937340
INFO:root:Inserted 19168937987
INFO:root:Inserted 19168937275
INFO:root:Inserted 19168937965
INFO:root:Inserted 19168937415
INFO:root:Inserted 19168938090
INFO:root:Inserted 19168937391
INFO:root:Inserted 19168937377
INFO:root:Inserted 19168938054
INFO:root:Inserted 19168937352
INFO:root:Inserted 19168937331
INFO:root:Inserted 19168937307
INFO:root:Inserted 19168937992
INFO:root:Inserted 19168937291
INFO:root:Inserted 19168937975
INFO:root:Inserted 19168937410
INFO:root:Inserted 19168937401
INFO:root:Inserted 19168937363
INFO:kafka.coordinator:Stopping heartbeat thread
