INFO:kafka.conn:<BrokerConnection node_id=bootstrap-0 host=localhost:9092 <connecting> [IPv6 ('::1', 9092, 0, 0)]>: connecting to localhost:9092 [('::1', 9092, 0, 0) IPv6]
INFO:kafka.conn:Probing node bootstrap-0 broker version
INFO:kafka.conn:<BrokerConnection node_id=bootstrap-0 host=localhost:9092 <connecting> [IPv6 ('::1', 9092, 0, 0)]>: Connection complete.
INFO:kafka.conn:Broker version identified as 2.5.0
INFO:kafka.conn:Set configuration api_version=(2, 5, 0) to skip auto check_version requests on startup
INFO:root:Sending 10000 messages
INFO:kafka.conn:<BrokerConnection node_id=0 host=localhost:9092 <connecting> [IPv6 ('::1', 9092, 0, 0)]>: connecting to localhost:9092 [('::1', 9092, 0, 0) IPv6]
INFO:kafka.conn:<BrokerConnection node_id=0 host=localhost:9092 <connecting> [IPv6 ('::1', 9092, 0, 0)]>: Connection complete.
INFO:kafka.conn:<BrokerConnection node_id=bootstrap-0 host=localhost:9092 <connected> [IPv6 ('::1', 9092, 0, 0)]>: Closing connection. 
INFO:root:Sent 19168938147
INFO:root:Sent 19168938146
INFO:root:Sent 19168938145
INFO:root:Sent 19168938144
INFO:root:Sent 19168938143
INFO:root:Sent 19168938142
INFO:root:Sent 19168938141
INFO:root:Sent 19168938140
INFO:root:Sent 19168938139
INFO:root:Sent 19168938138
INFO:root:Sent 19168938137
INFO:root:Sent 19168938136
INFO:root:Sent 19168938135
INFO:root:Sent 19168938134
INFO:root:Sent 19168938133
INFO:root:Sent 19168938132
INFO:root:Sent 19168938131
INFO:root:Sent 19168938130
INFO:root:Sent 19168938129
INFO:root:Sent 19168938128
INFO:root:Sent 19168938127
INFO:root:Sent 19168938126
INFO:root:Sent 19168938125
INFO:root:Sent 19168938124
INFO:root:Sent 19168938123
INFO:root:Sent 19168938122
INFO:root:Sent 19168938121
INFO:root:Sent 19168938120
INFO:root:Sent 19168938119
INFO:root:Sent 19168938118
INFO:root:Sent 19168938117
INFO:root:Sent 19168938116
INFO:root:Sent 19168938115
INFO:root:Sent 19168938114
INFO:root:Sent 19168938113
INFO:root:Sent 19168938112
INFO:root:Sent 19168938111
INFO:root:Sent 19168938110
INFO:root:Sent 19168938109
INFO:root:Sent 19168938108
INFO:root:Sent 19168938107
INFO:root:Sent 19168938106
INFO:root:Sent 19168938105
INFO:root:Sent 19168938104
INFO:root:Sent 19168938103
INFO:root:Sent 19168938102
INFO:root:Sent 19168938101
INFO:root:Sent 19168938100
INFO:root:Sent 19168938099
INFO:root:Sent 19168938098
INFO:root:Sent 19168938097
INFO:root:Sent 19168938096
INFO:root:Sent 19168938095
INFO:root:Sent 19168938094
INFO:root:Sent 19168938093
INFO:root:Sent 19168938092
INFO:root:Sent 19168938091
INFO:root:Sent 19168938090
INFO:root:Sent 19168938089
INFO:root:Sent 19168938088
INFO:root:Sent 19168938087
INFO:root:Sent 19168938086
INFO:root:Sent 19168938085
INFO:root:Sent 19168938084
INFO:root:Sent 19168938083
INFO:root:Sent 19168938082
INFO:root:Sent 19168938081
INFO:root:Sent 19168938080
INFO:root:Sent 19168938079
INFO:root:Sent 19168938078
INFO:root:Sent 19168938077
INFO:root:Sent 19168938076
INFO:root:Sent 19168938075
INFO:root:Sent 19168938074
INFO:root:Sent 19168938073
INFO:root:Sent 19168938072
INFO:root:Sent 19168938071
INFO:root:Sent 19168938070
INFO:root:Sent 19168938069
INFO:root:Sent 19168938068
INFO:root:Sent 19168938067
INFO:root:Sent 19168938066
INFO:root:Sent 19168938065
INFO:root:Sent 19168938064
INFO:root:Sent 19168938063
INFO:root:Sent 19168938062
INFO:root:Sent 19168938061
INFO:root:Sent 19168938060
INFO:root:Sent 19168938059
INFO:root:Sent 19168938058
INFO:root:Sent 19168938057
INFO:root:Sent 19168938056
INFO:root:Sent 19168938055
INFO:root:Sent 19168938054
INFO:root:Sent 19168938053
INFO:root:Sent 19168938052
INFO:root:Sent 19168938051
INFO:root:Sent 19168938050
INFO:root:Sent 19168938049
INFO:root:Sent 19168938048
INFO:root:Sent 19168938047
INFO:root:Sent 19168938046
INFO:root:Sent 19168938045
INFO:root:Sent 19168938044
INFO:root:Sent 19168938043
INFO:root:Sent 19168938042
INFO:root:Sent 19168938041
INFO:root:Sent 19168938040
INFO:root:Sent 19168938039
INFO:root:Sent 19168938038
INFO:root:Sent 19168938037
INFO:root:Sent 19168938036
INFO:root:Sent 19168938035
INFO:root:Sent 19168938034
INFO:root:Sent 19168938033
INFO:root:Sent 19168938032
INFO:root:Sent 19168938031
INFO:root:Sent 19168938030
INFO:root:Sent 19168938029
INFO:root:Sent 19168938028
INFO:root:Sent 19168938027
INFO:root:Sent 19168938026
INFO:root:Sent 19168938025
INFO:root:Sent 19168938024
INFO:root:Sent 19168938023
INFO:root:Sent 19168938022
INFO:root:Sent 19168938021
INFO:root:Sent 19168938020
INFO:root:Sent 19168938019
INFO:root:Sent 19168938018
INFO:root:Sent 19168938017
INFO:root:Sent 19168938016
INFO:root:Sent 19168938015
INFO:root:Sent 19168938014
INFO:root:Sent 19168938013
INFO:root:Sent 19168938012
INFO:root:Sent 19168938011
INFO:root:Sent 19168938010
INFO:root:Sent 19168938009
INFO:root:Sent 19168938008
INFO:root:Sent 19168938007
INFO:root:Sent 19168938006
INFO:root:Sent 19168938005
INFO:root:Sent 19168938004
INFO:root:Sent 19168938003
INFO:root:Sent 19168938002
INFO:root:Sent 19168938001
INFO:root:Sent 19168938000
INFO:root:Sent 19168937999
INFO:root:Sent 19168937998
INFO:root:Sent 19168937997
INFO:root:Sent 19168937996
INFO:root:Sent 19168937995
INFO:root:Sent 19168937994
INFO:root:Sent 19168937993
INFO:root:Sent 19168937992
INFO:root:Sent 19168937990
INFO:root:Sent 19168937989
INFO:root:Sent 19168937988
INFO:root:Sent 19168937987
INFO:root:Sent 19168937986
INFO:root:Sent 19168937985
INFO:root:Sent 19168937984
INFO:root:Sent 19168937983
INFO:root:Sent 19168937982
INFO:root:Sent 19168937981
INFO:root:Sent 19168937980
INFO:root:Sent 19168937979
INFO:root:Sent 19168937978
INFO:root:Sent 19168937977
INFO:root:Sent 19168937976
INFO:root:Sent 19168937975
INFO:root:Sent 19168937974
INFO:root:Sent 19168937973
INFO:root:Sent 19168937972
INFO:root:Sent 19168937971
INFO:root:Sent 19168937970
INFO:root:Sent 19168937969
INFO:root:Sent 19168937968
INFO:root:Sent 19168937967
INFO:root:Sent 19168937966
INFO:root:Sent 19168937965
INFO:root:Sent 19168937964
INFO:root:Sent 19168937963
INFO:root:Sent 19168937962
INFO:root:Sent 19168937961
INFO:root:Sent 19168937960
INFO:root:Sent 19168937959
INFO:root:Sent 19168937958
INFO:root:Sent 19168937957
INFO:root:Sent 19168937956
INFO:root:Sent 19168937955
INFO:root:Sent 19168937954
INFO:root:Sent 19168937953
INFO:root:Sent 19168937952
INFO:root:Sent 19168937951
INFO:root:Sent 19168937950
INFO:root:Sent 19168937949
INFO:root:Sent 19168937948
INFO:root:Sent 19168937947
INFO:root:Sent 19168937946
INFO:root:Sent 19168937945
INFO:root:Sent 19168937943
INFO:root:Sent 19168937942
INFO:root:Sent 19168937941
INFO:root:Sent 19168937940
INFO:root:Sent 19168937939
INFO:root:Sent 19168937938
INFO:root:Sent 19168937937
INFO:root:Sent 19168937936
INFO:root:Sent 19168937935
INFO:root:Sent 19168937934
INFO:root:Sent 19168937933
INFO:root:Sent 19168937932
INFO:root:Sent 19168937931
INFO:root:Sent 19168937930
INFO:root:Sent 19168937929
INFO:root:Sent 19168937928
INFO:root:Sent 19168937927
INFO:root:Sent 19168937926
INFO:root:Sent 19168937925
INFO:root:Sent 19168937924
INFO:root:Sent 19168937923
INFO:root:Sent 19168937922
INFO:root:Sent 19168937921
INFO:root:Sent 19168937920
INFO:root:Sent 19168937919
INFO:root:Sent 19168937918
INFO:root:Sent 19168937917
INFO:root:Sent 19168937915
INFO:root:Sent 19168937914
INFO:root:Sent 19168937913
INFO:root:Sent 19168937912
INFO:root:Sent 19168937911
INFO:root:Sent 19168937910
INFO:root:Sent 19168937909
INFO:root:Sent 19168937908
INFO:root:Sent 19168937906
INFO:root:Sent 19168937905
INFO:root:Sent 19168937904
INFO:root:Sent 19168937903
INFO:root:Sent 19168937902
INFO:root:Sent 19168937901
INFO:root:Sent 19168937900
INFO:root:Sent 19168937899
INFO:root:Sent 19168937898
INFO:root:Sent 19168937897
INFO:root:Sent 19168937896
INFO:root:Sent 19168937895
INFO:root:Sent 19168937894
INFO:root:Sent 19168937893
INFO:root:Sent 19168937892
INFO:root:Sent 19168937891
INFO:root:Sent 19168937890
INFO:root:Sent 19168937889
INFO:root:Sent 19168937888
INFO:root:Sent 19168937887
INFO:root:Sent 19168937886
INFO:root:Sent 19168937885
INFO:root:Sent 19168937884
INFO:root:Sent 19168937883
INFO:root:Sent 19168937882
INFO:root:Sent 19168937881
INFO:root:Sent 19168937880
INFO:root:Sent 19168937879
INFO:root:Sent 19168937878
INFO:root:Sent 19168937877
INFO:root:Sent 19168937876
INFO:root:Sent 19168937875
INFO:root:Sent 19168937874
INFO:root:Sent 19168937873
INFO:root:Sent 19168937872
INFO:root:Sent 19168937871
INFO:root:Sent 19168937870
INFO:root:Sent 19168937869
INFO:root:Sent 19168937868
INFO:root:Sent 19168937867
INFO:root:Sent 19168937866
INFO:root:Sent 19168937865
INFO:root:Sent 19168937864
INFO:root:Sent 19168937863
INFO:root:Sent 19168937862
INFO:root:Sent 19168937861
INFO:root:Sent 19168937860
INFO:root:Sent 19168937859
INFO:root:Sent 19168937858
INFO:root:Sent 19168937857
INFO:root:Sent 19168937856
INFO:root:Sent 19168937855
INFO:root:Sent 19168937854
INFO:root:Sent 19168937853
INFO:root:Sent 19168937852
INFO:root:Sent 19168937851
INFO:root:Sent 19168937850
INFO:root:Sent 19168937849
INFO:root:Sent 19168937848
INFO:root:Sent 19168937847
INFO:root:Sent 19168937846
INFO:root:Sent 19168937845
INFO:root:Sent 19168937844
INFO:root:Sent 19168937843
INFO:root:Sent 19168937842
INFO:root:Sent 19168937841
INFO:root:Sent 19168937840
INFO:root:Sent 19168937839
INFO:root:Sent 19168937838
INFO:root:Sent 19168937837
INFO:root:Sent 19168937836
INFO:root:Sent 19168937835
INFO:root:Sent 19168937834
INFO:root:Sent 19168937833
INFO:root:Sent 19168937832
INFO:root:Sent 19168937831
INFO:root:Sent 19168937830
INFO:root:Sent 19168937829
INFO:root:Sent 19168937828
INFO:root:Sent 19168937827
INFO:root:Sent 19168937826
INFO:root:Sent 19168937825
INFO:root:Sent 19168937824
INFO:root:Sent 19168937823
INFO:root:Sent 19168937821
INFO:root:Sent 19168937820
INFO:root:Sent 19168937819
INFO:root:Sent 19168937818
INFO:root:Sent 19168937817
INFO:root:Sent 19168937816
INFO:root:Sent 19168937815
INFO:root:Sent 19168937814
INFO:root:Sent 19168937813
INFO:root:Sent 19168937812
INFO:root:Sent 19168937811
INFO:root:Sent 19168937810
INFO:root:Sent 19168937809
INFO:root:Sent 19168937808
INFO:root:Sent 19168937807
INFO:root:Sent 19168937806
INFO:root:Sent 19168937805
INFO:root:Sent 19168937804
INFO:root:Sent 19168937803
INFO:root:Sent 19168937802
INFO:root:Sent 19168937801
INFO:root:Sent 19168937800
INFO:root:Sent 19168937799
INFO:root:Sent 19168937798
INFO:root:Sent 19168937797
INFO:root:Sent 19168937796
INFO:root:Sent 19168937795
INFO:root:Sent 19168937794
INFO:root:Sent 19168937793
INFO:root:Sent 19168937792
INFO:root:Sent 19168937791
INFO:root:Sent 19168937790
INFO:root:Sent 19168937789
INFO:root:Sent 19168937788
INFO:root:Sent 19168937787
INFO:root:Sent 19168937786
INFO:root:Sent 19168937785
INFO:root:Sent 19168937784
INFO:root:Sent 19168937783
INFO:root:Sent 19168937782
INFO:root:Sent 19168937781
INFO:root:Sent 19168937780
INFO:root:Sent 19168937779
INFO:root:Sent 19168937778
INFO:root:Sent 19168937777
INFO:root:Sent 19168937776
INFO:root:Sent 19168937775
INFO:root:Sent 19168937774
INFO:root:Sent 19168937773
INFO:root:Sent 19168937772
INFO:root:Sent 19168937771
INFO:root:Sent 19168937770
INFO:root:Sent 19168937769
INFO:root:Sent 19168937768
INFO:root:Sent 19168937767
INFO:root:Sent 19168937766
INFO:root:Sent 19168937765
INFO:root:Sent 19168937764
INFO:root:Sent 19168937763
INFO:root:Sent 19168937762
INFO:root:Sent 19168937761
INFO:root:Sent 19168937760
INFO:root:Sent 19168937759
INFO:root:Sent 19168937758
INFO:root:Sent 19168937757
INFO:root:Sent 19168937756
INFO:root:Sent 19168937755
INFO:root:Sent 19168937754
INFO:root:Sent 19168937753
INFO:root:Sent 19168937752
INFO:root:Sent 19168937751
INFO:root:Sent 19168937750
INFO:root:Sent 19168937749
INFO:root:Sent 19168937748
INFO:root:Sent 19168937747
INFO:root:Sent 19168937746
INFO:root:Sent 19168937745
INFO:root:Sent 19168937744
INFO:root:Sent 19168937743
INFO:root:Sent 19168937742
INFO:root:Sent 19168937741
INFO:root:Sent 19168937740
INFO:root:Sent 19168937739
INFO:root:Sent 19168937738
INFO:root:Sent 19168937737
INFO:root:Sent 19168937736
INFO:root:Sent 19168937735
INFO:root:Sent 19168937734
INFO:root:Sent 19168937733
INFO:root:Sent 19168937732
INFO:root:Sent 19168937731
INFO:root:Sent 19168937730
INFO:root:Sent 19168937729
INFO:root:Sent 19168937728
INFO:root:Sent 19168937727
INFO:root:Sent 19168937726
INFO:root:Sent 19168937725
INFO:root:Sent 19168937724
INFO:root:Sent 19168937723
INFO:root:Sent 19168937722
INFO:root:Sent 19168937721
INFO:root:Sent 19168937720
INFO:root:Sent 19168937719
INFO:root:Sent 19168937718
INFO:root:Sent 19168937717
INFO:root:Sent 19168937716
INFO:root:Sent 19168937715
INFO:root:Sent 19168937714
INFO:root:Sent 19168937713
INFO:root:Sent 19168937712
INFO:root:Sent 19168937711
INFO:root:Sent 19168937710
INFO:root:Sent 19168937709
INFO:root:Sent 19168937708
INFO:root:Sent 19168937707
INFO:root:Sent 19168937706
INFO:root:Sent 19168937705
INFO:root:Sent 19168937704
INFO:root:Sent 19168937703
INFO:root:Sent 19168937702
INFO:root:Sent 19168937701
INFO:root:Sent 19168937700
INFO:root:Sent 19168937699
INFO:root:Sent 19168937698
INFO:root:Sent 19168937697
INFO:root:Sent 19168937696
INFO:root:Sent 19168937695
INFO:root:Sent 19168937694
INFO:root:Sent 19168937693
INFO:root:Sent 19168937692
INFO:root:Sent 19168937691
INFO:root:Sent 19168937690
INFO:root:Sent 19168937689
INFO:root:Sent 19168937688
INFO:root:Sent 19168937687
INFO:root:Sent 19168937686
INFO:root:Sent 19168937685
INFO:root:Sent 19168937684
INFO:root:Sent 19168937683
INFO:root:Sent 19168937682
INFO:root:Sent 19168937681
INFO:root:Sent 19168937680
INFO:root:Sent 19168937679
INFO:root:Sent 19168937678
INFO:root:Sent 19168937677
INFO:root:Sent 19168937676
INFO:root:Sent 19168937675
INFO:root:Sent 19168937674
INFO:root:Sent 19168937673
INFO:root:Sent 19168937672
INFO:root:Sent 19168937671
INFO:root:Sent 19168937670
INFO:root:Sent 19168937669
INFO:root:Sent 19168937668
INFO:root:Sent 19168937667
INFO:root:Sent 19168937666
INFO:root:Sent 19168937665
INFO:root:Sent 19168937664
INFO:root:Sent 19168937663
INFO:root:Sent 19168937662
INFO:root:Sent 19168937661
INFO:root:Sent 19168937660
INFO:root:Sent 19168937659
INFO:root:Sent 19168937658
INFO:root:Sent 19168937657
INFO:root:Sent 19168937656
INFO:root:Sent 19168937655
INFO:root:Sent 19168937654
INFO:root:Sent 19168937653
INFO:root:Sent 19168937652
INFO:root:Sent 19168937651
INFO:root:Sent 19168937650
INFO:root:Sent 19168937649
INFO:root:Sent 19168937648
INFO:root:Sent 19168937647
INFO:root:Sent 19168937646
INFO:root:Sent 19168937645
INFO:root:Sent 19168937644
INFO:root:Sent 19168937643
INFO:root:Sent 19168937642
INFO:root:Sent 19168937641
INFO:root:Sent 19168937640
INFO:root:Sent 19168937639
INFO:root:Sent 19168937638
INFO:root:Sent 19168937637
INFO:root:Sent 19168937636
INFO:root:Sent 19168937635
INFO:root:Sent 19168937634
INFO:root:Sent 19168937633
INFO:root:Sent 19168937632
INFO:root:Sent 19168937631
INFO:root:Sent 19168937630
INFO:root:Sent 19168937629
INFO:root:Sent 19168937628
INFO:root:Sent 19168937627
INFO:root:Sent 19168937626
INFO:root:Sent 19168937625
INFO:root:Sent 19168937624
INFO:root:Sent 19168937623
INFO:root:Sent 19168937622
INFO:root:Sent 19168937621
INFO:root:Sent 19168937620
INFO:root:Sent 19168937619
INFO:root:Sent 19168937618
INFO:root:Sent 19168937617
INFO:root:Sent 19168937616
INFO:root:Sent 19168937615
INFO:root:Sent 19168937614
INFO:root:Sent 19168937613
INFO:root:Sent 19168937612
INFO:root:Sent 19168937611
INFO:root:Sent 19168937610
INFO:root:Sent 19168937609
INFO:root:Sent 19168937608
INFO:root:Sent 19168937607
INFO:root:Sent 19168937606
INFO:root:Sent 19168937605
INFO:root:Sent 19168937604
INFO:root:Sent 19168937603
INFO:root:Sent 19168937602
INFO:root:Sent 19168937601
INFO:root:Sent 19168937600
INFO:root:Sent 19168937599
INFO:root:Sent 19168937598
INFO:root:Sent 19168937597
INFO:root:Sent 19168937596
INFO:root:Sent 19168937595
INFO:root:Sent 19168937594
INFO:root:Sent 19168937593
INFO:root:Sent 19168937592
INFO:root:Sent 19168937591
INFO:root:Sent 19168937590
INFO:root:Sent 19168937589
INFO:root:Sent 19168937588
INFO:root:Sent 19168937587
INFO:root:Sent 19168937586
INFO:root:Sent 19168937585
INFO:root:Sent 19168937584
INFO:root:Sent 19168937583
INFO:root:Sent 19168937582
INFO:root:Sent 19168937581
INFO:root:Sent 19168937580
INFO:root:Sent 19168937579
INFO:root:Sent 19168937578
INFO:root:Sent 19168937577
INFO:root:Sent 19168937576
INFO:root:Sent 19168937575
INFO:root:Sent 19168937574
INFO:root:Sent 19168937573
INFO:root:Sent 19168937572
INFO:root:Sent 19168937571
INFO:root:Sent 19168937570
INFO:root:Sent 19168937569
INFO:root:Sent 19168937568
INFO:root:Sent 19168937567
INFO:root:Sent 19168937566
INFO:root:Sent 19168937565
INFO:root:Sent 19168937564
INFO:root:Sent 19168937563
INFO:root:Sent 19168937562
INFO:root:Sent 19168937561
INFO:root:Sent 19168937560
INFO:root:Sent 19168937559
INFO:root:Sent 19168937558
INFO:root:Sent 19168937557
INFO:root:Sent 19168937556
INFO:root:Sent 19168937555
INFO:root:Sent 19168937554
INFO:root:Sent 19168937553
INFO:root:Sent 19168937552
INFO:root:Sent 19168937551
INFO:root:Sent 19168937550
INFO:root:Sent 19168937549
INFO:root:Sent 19168937548
INFO:root:Sent 19168937547
INFO:root:Sent 19168937546
INFO:root:Sent 19168937545
INFO:root:Sent 19168937544
INFO:root:Sent 19168937543
INFO:root:Sent 19168937542
INFO:root:Sent 19168937541
INFO:root:Sent 19168937540
INFO:root:Sent 19168937539
INFO:root:Sent 19168937538
INFO:root:Sent 19168937536
INFO:root:Sent 19168937535
INFO:root:Sent 19168937534
INFO:root:Sent 19168937533
INFO:root:Sent 19168937532
INFO:root:Sent 19168937531
INFO:root:Sent 19168937530
INFO:root:Sent 19168937529
INFO:root:Sent 19168937527
INFO:root:Sent 19168937526
INFO:root:Sent 19168937525
INFO:root:Sent 19168937524
INFO:root:Sent 19168937523
INFO:root:Sent 19168937522
INFO:root:Sent 19168937521
INFO:root:Sent 19168937520
INFO:root:Sent 19168937519
INFO:root:Sent 19168937518
INFO:root:Sent 19168937517
INFO:root:Sent 19168937516
INFO:root:Sent 19168937515
INFO:root:Sent 19168937514
INFO:root:Sent 19168937513
INFO:root:Sent 19168937512
INFO:root:Sent 19168937511
INFO:root:Sent 19168937510
INFO:root:Sent 19168937509
INFO:root:Sent 19168937508
INFO:root:Sent 19168937506
INFO:root:Sent 19168937505
INFO:root:Sent 19168937504
INFO:root:Sent 19168937503
INFO:root:Sent 19168937502
INFO:root:Sent 19168937501
INFO:root:Sent 19168937500
INFO:root:Sent 19168937499
INFO:root:Sent 19168937498
INFO:root:Sent 19168937497
INFO:root:Sent 19168937496
INFO:root:Sent 19168937495
INFO:root:Sent 19168937494
INFO:root:Sent 19168937493
INFO:root:Sent 19168937492
INFO:root:Sent 19168937491
INFO:root:Sent 19168937490
INFO:root:Sent 19168937489
INFO:root:Sent 19168937488
INFO:root:Sent 19168937487
INFO:root:Sent 19168937486
INFO:root:Sent 19168937485
INFO:root:Sent 19168937484
INFO:root:Sent 19168937483
INFO:root:Sent 19168937482
INFO:root:Sent 19168937481
INFO:root:Sent 19168937480
INFO:root:Sent 19168937479
INFO:root:Sent 19168937478
INFO:root:Sent 19168937477
INFO:root:Sent 19168937476
INFO:root:Sent 19168937475
INFO:root:Sent 19168937474
INFO:root:Sent 19168937473
INFO:root:Sent 19168937472
INFO:root:Sent 19168937471
INFO:root:Sent 19168937470
INFO:root:Sent 19168937469
INFO:root:Sent 19168937468
INFO:root:Sent 19168937467
INFO:root:Sent 19168937466
INFO:root:Sent 19168937465
INFO:root:Sent 19168937464
INFO:root:Sent 19168937463
INFO:root:Sent 19168937462
INFO:root:Sent 19168937461
INFO:root:Sent 19168937460
INFO:root:Sent 19168937459
INFO:root:Sent 19168937458
INFO:root:Sent 19168937457
INFO:root:Sent 19168937456
INFO:root:Sent 19168937455
INFO:root:Sent 19168937454
INFO:root:Sent 19168937453
INFO:root:Sent 19168937452
INFO:root:Sent 19168937451
INFO:root:Sent 19168937450
INFO:root:Sent 19168937449
INFO:root:Sent 19168937448
INFO:root:Sent 19168937447
INFO:root:Sent 19168937446
INFO:root:Sent 19168937445
INFO:root:Sent 19168937444
INFO:root:Sent 19168937443
INFO:root:Sent 19168937442
INFO:root:Sent 19168937441
INFO:root:Sent 19168937439
INFO:root:Sent 19168937438
INFO:root:Sent 19168937437
INFO:root:Sent 19168937436
INFO:root:Sent 19168937435
INFO:root:Sent 19168937434
INFO:root:Sent 19168937433
INFO:root:Sent 19168937432
INFO:root:Sent 19168937431
INFO:root:Sent 19168937430
INFO:root:Sent 19168937429
INFO:root:Sent 19168937428
INFO:root:Sent 19168937427
INFO:root:Sent 19168937426
INFO:root:Sent 19168937425
INFO:root:Sent 19168937423
INFO:root:Sent 19168937422
INFO:root:Sent 19168937421
INFO:root:Sent 19168937420
INFO:root:Sent 19168937419
INFO:root:Sent 19168937418
INFO:root:Sent 19168937417
INFO:root:Sent 19168937416
INFO:root:Sent 19168937415
INFO:root:Sent 19168937414
INFO:root:Sent 19168937413
INFO:root:Sent 19168937412
INFO:root:Sent 19168937411
INFO:root:Sent 19168937410
INFO:root:Sent 19168937409
INFO:root:Sent 19168937408
INFO:root:Sent 19168937407
INFO:root:Sent 19168937406
INFO:root:Sent 19168937405
INFO:root:Sent 19168937404
INFO:root:Sent 19168937403
INFO:root:Sent 19168937402
INFO:root:Sent 19168937401
INFO:root:Sent 19168937400
INFO:root:Sent 19168937399
INFO:root:Sent 19168937398
INFO:root:Sent 19168937397
INFO:root:Sent 19168937396
INFO:root:Sent 19168937395
INFO:root:Sent 19168937394
INFO:root:Sent 19168937393
INFO:root:Sent 19168937392
INFO:root:Sent 19168937391
INFO:root:Sent 19168937390
INFO:root:Sent 19168937389
INFO:root:Sent 19168937388
INFO:root:Sent 19168937387
INFO:root:Sent 19168937386
INFO:root:Sent 19168937385
INFO:root:Sent 19168937384
INFO:root:Sent 19168937382
INFO:root:Sent 19168937381
INFO:root:Sent 19168937380
INFO:root:Sent 19168937379
INFO:root:Sent 19168937378
INFO:root:Sent 19168937377
INFO:root:Sent 19168937376
INFO:root:Sent 19168937375
INFO:root:Sent 19168937374
INFO:root:Sent 19168937373
INFO:root:Sent 19168937372
INFO:root:Sent 19168937371
INFO:root:Sent 19168937370
INFO:root:Sent 19168937369
INFO:root:Sent 19168937368
INFO:root:Sent 19168937367
INFO:root:Sent 19168937366
INFO:root:Sent 19168937365
INFO:root:Sent 19168937364
INFO:root:Sent 19168937363
INFO:root:Sent 19168937361
INFO:root:Sent 19168937360
INFO:root:Sent 19168937359
INFO:root:Sent 19168937358
INFO:root:Sent 19168937357
INFO:root:Sent 19168937356
INFO:root:Sent 19168937355
INFO:root:Sent 19168937354
INFO:root:Sent 19168937353
INFO:root:Sent 19168937352
INFO:root:Sent 19168937350
INFO:root:Sent 19168937349
INFO:root:Sent 19168937348
INFO:root:Sent 19168937347
INFO:root:Sent 19168937346
INFO:root:Sent 19168937345
INFO:root:Sent 19168937344
INFO:root:Sent 19168937343
INFO:root:Sent 19168937342
INFO:root:Sent 19168937341
INFO:root:Sent 19168937340
INFO:root:Sent 19168937339
INFO:root:Sent 19168937338
INFO:root:Sent 19168937337
INFO:root:Sent 19168937336
INFO:root:Sent 19168937335
INFO:root:Sent 19168937334
INFO:root:Sent 19168937333
INFO:root:Sent 19168937332
INFO:root:Sent 19168937331
INFO:root:Sent 19168937330
INFO:root:Sent 19168937329
INFO:root:Sent 19168937328
INFO:root:Sent 19168937327
INFO:root:Sent 19168937326
INFO:root:Sent 19168937325
INFO:root:Sent 19168937324
INFO:root:Sent 19168937323
INFO:root:Sent 19168937322
INFO:root:Sent 19168937321
INFO:root:Sent 19168937320
INFO:root:Sent 19168937319
INFO:root:Sent 19168937318
INFO:root:Sent 19168937317
INFO:root:Sent 19168937316
INFO:root:Sent 19168937315
INFO:root:Sent 19168937314
INFO:root:Sent 19168937313
INFO:root:Sent 19168937312
INFO:root:Sent 19168937311
INFO:root:Sent 19168937310
INFO:root:Sent 19168937309
INFO:root:Sent 19168937308
INFO:root:Sent 19168937307
INFO:root:Sent 19168937306
INFO:root:Sent 19168937305
INFO:root:Sent 19168937304
INFO:root:Sent 19168937303
INFO:root:Sent 19168937302
INFO:root:Sent 19168937301
INFO:root:Sent 19168937300
INFO:root:Sent 19168937299
INFO:root:Sent 19168937298
INFO:root:Sent 19168937297
INFO:root:Sent 19168937296
INFO:root:Sent 19168937295
INFO:root:Sent 19168937294
INFO:root:Sent 19168937293
INFO:root:Sent 19168937292
INFO:root:Sent 19168937291
INFO:root:Sent 19168937290
INFO:root:Sent 19168937289
INFO:root:Sent 19168937288
INFO:root:Sent 19168937287
INFO:root:Sent 19168937286
INFO:root:Sent 19168937285
INFO:root:Sent 19168937284
INFO:root:Sent 19168937283
INFO:root:Sent 19168937282
INFO:root:Sent 19168937281
INFO:root:Sent 19168937280
INFO:root:Sent 19168937279
INFO:root:Sent 19168937278
INFO:root:Sent 19168937277
INFO:root:Sent 19168937276
INFO:root:Sent 19168937275
INFO:root:Sent 19168937274
INFO:root:Sent 19168937273
INFO:root:Sent 19168937272
INFO:root:Sent 19168937271
INFO:root:Sent 19168937270
INFO:root:Sent 19168937269
INFO:root:Sent 19168937268
INFO:kafka.producer.kafka:Closing the Kafka producer with 0 secs timeout.
INFO:kafka.producer.kafka:Proceeding to force close the producer since pending requests could not be completed within timeout 0.
