INFO:kafka.conn:<BrokerConnection node_id=bootstrap-0 host=localhost:9092 <connecting> [IPv6 ('::1', 9092, 0, 0)]>: connecting to localhost:9092 [('::1', 9092, 0, 0) IPv6]
INFO:kafka.conn:Probing node bootstrap-0 broker version
INFO:kafka.conn:<BrokerConnection node_id=bootstrap-0 host=localhost:9092 <connecting> [IPv6 ('::1', 9092, 0, 0)]>: Connection complete.
INFO:kafka.conn:Broker version identified as 2.5.0
INFO:kafka.conn:Set configuration api_version=(2, 5, 0) to skip auto check_version requests on startup
INFO:root:Sending 10000 messages
INFO:kafka.conn:<BrokerConnection node_id=0 host=localhost:9092 <connecting> [IPv6 ('::1', 9092, 0, 0)]>: connecting to localhost:9092 [('::1', 9092, 0, 0) IPv6]
INFO:kafka.conn:<BrokerConnection node_id=0 host=localhost:9092 <connecting> [IPv6 ('::1', 9092, 0, 0)]>: Connection complete.
INFO:kafka.conn:<BrokerConnection node_id=bootstrap-0 host=localhost:9092 <connected> [IPv6 ('::1', 9092, 0, 0)]>: Closing connection. 
INFO:root:Sent 19168938147
INFO:root:Sent 19168938146
INFO:root:Sent 19168938145
INFO:root:Sent 19168938144
INFO:root:Sent 19168938143
INFO:root:Sent 19168938142
INFO:root:Sent 19168938141
INFO:root:Sent 19168938140
INFO:root:Sent 19168938139
INFO:root:Sent 19168938138
INFO:root:Sent 19168938137
INFO:root:Sent 19168938136
INFO:root:Sent 19168938135
INFO:root:Sent 19168938134
INFO:root:Sent 19168938133
INFO:root:Sent 19168938132
INFO:root:Sent 19168938131
INFO:root:Sent 19168938130
INFO:root:Sent 19168938129
INFO:root:Sent 19168938128
INFO:root:Sent 19168938127
INFO:root:Sent 19168938126
INFO:root:Sent 19168938125
INFO:root:Sent 19168938124
INFO:root:Sent 19168938123
INFO:root:Sent 19168938122
INFO:root:Sent 19168938121
INFO:root:Sent 19168938120
INFO:root:Sent 19168938119
INFO:root:Sent 19168938118
INFO:root:Sent 19168938117
INFO:root:Sent 19168938116
INFO:root:Sent 19168938115
INFO:root:Sent 19168938114
INFO:root:Sent 19168938113
INFO:root:Sent 19168938112
INFO:root:Sent 19168938111
INFO:root:Sent 19168938110
INFO:root:Sent 19168938109
INFO:root:Sent 19168938108
INFO:root:Sent 19168938107
INFO:root:Sent 19168938106
INFO:root:Sent 19168938105
INFO:root:Sent 19168938104
INFO:root:Sent 19168938103
INFO:root:Sent 19168938102
INFO:root:Sent 19168938101
INFO:root:Sent 19168938100
INFO:root:Sent 19168938099
INFO:root:Sent 19168938098
INFO:root:Sent 19168938097
INFO:root:Sent 19168938096
INFO:root:Sent 19168938095
INFO:root:Sent 19168938094
INFO:root:Sent 19168938093
INFO:root:Sent 19168938092
INFO:root:Sent 19168938091
INFO:root:Sent 19168938090
INFO:root:Sent 19168938089
INFO:root:Sent 19168938088
INFO:root:Sent 19168938087
INFO:root:Sent 19168938086
INFO:root:Sent 19168938085
INFO:root:Sent 19168938084
INFO:root:Sent 19168938083
INFO:root:Sent 19168938082
INFO:root:Sent 19168938081
INFO:root:Sent 19168938080
INFO:root:Sent 19168938079
INFO:root:Sent 19168938078
INFO:root:Sent 19168938077
INFO:root:Sent 19168938076
INFO:root:Sent 19168938075
INFO:root:Sent 19168938074
INFO:root:Sent 19168938073
INFO:root:Sent 19168938072
INFO:root:Sent 19168938071
INFO:root:Sent 19168938070
INFO:root:Sent 19168938069
INFO:root:Sent 19168938068
INFO:root:Sent 19168938067
INFO:root:Sent 19168938066
INFO:root:Sent 19168938065
INFO:root:Sent 19168938064
INFO:root:Sent 19168938063
INFO:root:Sent 19168938062
INFO:root:Sent 19168938061
INFO:root:Sent 19168938060
INFO:root:Sent 19168938059
INFO:root:Sent 19168938058
INFO:root:Sent 19168938057
INFO:root:Sent 19168938056
INFO:root:Sent 19168938055
INFO:root:Sent 19168938054
INFO:root:Sent 19168938053
INFO:root:Sent 19168938052
INFO:root:Sent 19168938051
INFO:root:Sent 19168938050
INFO:root:Sent 19168938049
INFO:root:Sent 19168938048
INFO:root:Sent 19168938047
INFO:root:Sent 19168938046
INFO:root:Sent 19168938045
INFO:root:Sent 19168938044
INFO:root:Sent 19168938043
INFO:root:Sent 19168938042
INFO:root:Sent 19168938041
INFO:root:Sent 19168938040
INFO:root:Sent 19168938039
INFO:root:Sent 19168938038
INFO:root:Sent 19168938037
INFO:root:Sent 19168938036
INFO:root:Sent 19168938035
INFO:root:Sent 19168938034
INFO:root:Sent 19168938033
INFO:root:Sent 19168938032
INFO:root:Sent 19168938031
INFO:root:Sent 19168938030
INFO:root:Sent 19168938029
INFO:root:Sent 19168938028
INFO:root:Sent 19168938027
INFO:root:Sent 19168938026
INFO:root:Sent 19168938025
INFO:root:Sent 19168938024
INFO:root:Sent 19168938023
INFO:root:Sent 19168938022
INFO:root:Sent 19168938021
INFO:root:Sent 19168938020
INFO:root:Sent 19168938019
INFO:root:Sent 19168938018
INFO:root:Sent 19168938017
INFO:root:Sent 19168938016
INFO:root:Sent 19168938015
INFO:root:Sent 19168938014
INFO:root:Sent 19168938013
INFO:root:Sent 19168938012
INFO:root:Sent 19168938011
INFO:root:Sent 19168938010
INFO:root:Sent 19168938009
INFO:root:Sent 19168938008
INFO:root:Sent 19168938007
INFO:root:Sent 19168938006
INFO:root:Sent 19168938005
INFO:root:Sent 19168938004
INFO:root:Sent 19168938003
INFO:root:Sent 19168938002
INFO:root:Sent 19168938001
INFO:root:Sent 19168938000
INFO:root:Sent 19168937999
INFO:root:Sent 19168937998
INFO:root:Sent 19168937997
INFO:root:Sent 19168937996
INFO:root:Sent 19168937995
INFO:root:Sent 19168937994
INFO:root:Sent 19168937993
INFO:root:Sent 19168937992
INFO:root:Sent 19168937990
INFO:root:Sent 19168937989
INFO:root:Sent 19168937988
INFO:root:Sent 19168937987
INFO:root:Sent 19168937986
INFO:root:Sent 19168937985
INFO:root:Sent 19168937984
INFO:root:Sent 19168937983
INFO:root:Sent 19168937982
INFO:root:Sent 19168937981
INFO:root:Sent 19168937980
INFO:root:Sent 19168937979
INFO:root:Sent 19168937978
INFO:root:Sent 19168937977
INFO:root:Sent 19168937976
INFO:root:Sent 19168937975
INFO:root:Sent 19168937974
INFO:root:Sent 19168937973
INFO:root:Sent 19168937972
INFO:root:Sent 19168937971
INFO:root:Sent 19168937970
INFO:root:Sent 19168937969
INFO:root:Sent 19168937968
INFO:root:Sent 19168937967
INFO:root:Sent 19168937966
INFO:root:Sent 19168937965
INFO:root:Sent 19168937964
INFO:root:Sent 19168937963
INFO:root:Sent 19168937962
INFO:root:Sent 19168937961
INFO:root:Sent 19168937960
INFO:root:Sent 19168937959
INFO:root:Sent 19168937958
INFO:root:Sent 19168937957
INFO:root:Sent 19168937956
INFO:root:Sent 19168937955
INFO:root:Sent 19168937954
INFO:root:Sent 19168937953
INFO:root:Sent 19168937952
INFO:root:Sent 19168937951
INFO:root:Sent 19168937950
INFO:root:Sent 19168937949
INFO:root:Sent 19168937948
INFO:root:Sent 19168937947
INFO:root:Sent 19168937946
INFO:root:Sent 19168937945
INFO:root:Sent 19168937943
INFO:root:Sent 19168937942
INFO:root:Sent 19168937941
INFO:root:Sent 19168937940
INFO:root:Sent 19168937939
INFO:root:Sent 19168937938
INFO:root:Sent 19168937937
INFO:root:Sent 19168937936
INFO:root:Sent 19168937935
INFO:root:Sent 19168937934
INFO:root:Sent 19168937933
INFO:root:Sent 19168937932
INFO:root:Sent 19168937931
INFO:root:Sent 19168937930
INFO:root:Sent 19168937929
INFO:root:Sent 19168937928
INFO:root:Sent 19168937927
INFO:root:Sent 19168937926
INFO:root:Sent 19168937925
INFO:root:Sent 19168937924
INFO:root:Sent 19168937923
INFO:root:Sent 19168937922
INFO:root:Sent 19168937921
INFO:root:Sent 19168937920
INFO:root:Sent 19168937919
INFO:kafka.producer.kafka:Closing the Kafka producer with 0 secs timeout.
INFO:kafka.producer.kafka:Proceeding to force close the producer since pending requests could not be completed within timeout 0.
